<?xml version="1.0" encoding="UTF-8"?>
<testng-results skipped="0" failed="0" ignored="0" total="1" passed="1">
  <reporter-output>
  </reporter-output>
  <suite name="Suite" duration-ms="102" started-at="2021-07-24T07:56:58 IST" finished-at="2021-07-24T07:56:58 IST">
    <groups>
    </groups>
    <test name="Test" duration-ms="102" started-at="2021-07-24T07:56:58 IST" finished-at="2021-07-24T07:56:58 IST">
      <class name="LoginTc">
        <test-method status="PASS" signature="login()[pri:0, instance:LoginTc@11c1ea0]" name="login" duration-ms="16" started-at="2021-07-24T07:56:58 IST" finished-at="2021-07-24T07:56:58 IST">
          <reporter-output>
          </reporter-output>
        </test-method> <!-- login -->
      </class> <!-- LoginTc -->
    </test> <!-- Test -->
  </suite> <!-- Suite -->
</testng-results>
